Unity Editor version:    2022.2.9f1 (1cc571a6ec95)
Branch:                  2022.2/staging
Build type:              Release
Batch mode:              YES
macOS version:           Version 13.3.1 (Build 22E261)
Darwin version:          22.4.0
Architecture:            x86_64
Running under Rosetta:   NO
Available memory:        16384 MB
Using pre-set license
Pro License: YES

COMMAND LINE ARGUMENTS:
/Applications/Unity/Hub/Editor/2022.2.9f1/Unity.app/Contents/MacOS/Unity
-adb2
-batchMode
-noUpm
-name
AssetImportWorker0
-projectPath
/Users/balazsivanyi/AAU/MSc/4th_semester/thesis_codebase
-logFile
Logs/AssetImportWorker0.log
-srvPort
49796
Successfully changed project path to: /Users/balazsivanyi/AAU/MSc/4th_semester/thesis_codebase
/Users/balazsivanyi/AAU/MSc/4th_semester/thesis_codebase
[UnityMemory] Configuration Parameters - Can be set up in boot.config
    "memorysetup-bucket-allocator-granularity=16"
    "memorysetup-bucket-allocator-bucket-count=8"
    "memorysetup-bucket-allocator-block-size=33554432"
    "memorysetup-bucket-allocator-block-count=8"
    "memorysetup-main-allocator-block-size=16777216"
    "memorysetup-thread-allocator-block-size=16777216"
    "memorysetup-gfx-main-allocator-block-size=16777216"
    "memorysetup-gfx-thread-allocator-block-size=16777216"
    "memorysetup-cache-allocator-block-size=4194304"
    "memorysetup-typetree-allocator-block-size=2097152"
    "memorysetup-profiler-bucket-allocator-granularity=16"
    "memorysetup-profiler-bucket-allocator-bucket-count=8"
    "memorysetup-profiler-bucket-allocator-block-size=33554432"
    "memorysetup-profiler-bucket-allocator-block-count=8"
    "memorysetup-profiler-allocator-block-size=16777216"
    "memorysetup-profiler-editor-allocator-block-size=1048576"
    "memorysetup-temp-allocator-size-main=16777216"
    "memorysetup-job-temp-allocator-block-size=2097152"
    "memorysetup-job-temp-allocator-block-size-background=1048576"
    "memorysetup-job-temp-allocator-reduction-small-platforms=262144"
    "memorysetup-temp-allocator-size-background-worker=32768"
    "memorysetup-temp-allocator-size-job-worker=262144"
    "memorysetup-temp-allocator-size-preload-manager=33554432"
    "memorysetup-temp-allocator-size-nav-mesh-worker=65536"
    "memorysetup-temp-allocator-size-audio-worker=65536"
    "memorysetup-temp-allocator-size-cloud-worker=32768"
    "memorysetup-temp-allocator-size-gi-baking-worker=262144"
    "memorysetup-temp-allocator-size-gfx=262144"
Player connection [140704567800640] Host "[IP] 192.168.1.173 [Port] 0 [Flags] 2 [Guid] 2312522707 [EditorId] 2312522707 [Version] 1048832 [Id] OSXEditor(0,Balazs-MBP) [Debug] 1 [PackageName] OSXEditor [ProjectName] Editor" joined multi-casting on [225.0.0.222:54997]...

Player connection [140704567800640] Host "[IP] 192.168.1.173 [Port] 0 [Flags] 2 [Guid] 2312522707 [EditorId] 2312522707 [Version] 1048832 [Id] OSXEditor(0,Balazs-MBP) [Debug] 1 [PackageName] OSXEditor [ProjectName] Editor" joined alternative multi-casting on [225.0.0.222:34997]...

Refreshing native plugins compatible for Editor in 25.76 ms, found 3 plugins.
Preloading 1 native plugins for Editor in 5368.45 ms.
Initialize engine version: 2022.2.9f1 (1cc571a6ec95)
[Subsystems] Discovering subsystems at path /Applications/Unity/Hub/Editor/2022.2.9f1/Unity.app/Contents/Resources/UnitySubsystems
[Subsystems] Discovering subsystems at path /Users/balazsivanyi/AAU/MSc/4th_semester/thesis_codebase/Assets
GfxDevice: creating device client; threaded=0; jobified=0
Color LCD preferred device: AMD Radeon Pro 560 (high power)
Metal devices available: 2
0: AMD Radeon Pro 560 (high power)
1: Intel(R) HD Graphics 630 (low power)
Using device AMD Radeon Pro 560 (high power)
Initializing Metal device caps: AMD Radeon Pro 560
Initialize mono
Mono path[0] = '/Applications/Unity/Hub/Editor/2022.2.9f1/Unity.app/Contents/Managed'
Mono path[1] = '/Applications/Unity/Hub/Editor/2022.2.9f1/Unity.app/Contents/MonoBleedingEdge/lib/mono/unityjit-macos'
Mono config path = '/Applications/Unity/Hub/Editor/2022.2.9f1/Unity.app/Contents/MonoBleedingEdge/etc'
Using monoOptions --debugger-agent=transport=dt_socket,embedding=1,server=y,suspend=n,address=127.0.0.1:56837
Begin MonoManager ReloadAssembly
Registering precompiled unity dll's ...
Register platform support module: /Applications/Unity/Hub/Editor/2022.2.9f1/Unity.app/Contents/PlaybackEngines/MacStandaloneSupport/UnityEditor.OSXStandalone.Extensions.dll
Register platform support module: /Applications/Unity/Hub/Editor/2022.2.9f1/PlaybackEngines/iOSSupport/UnityEditor.iOS.Extensions.dll
Registered in 0.018357 seconds.
- Loaded All Assemblies, in  1.284 seconds
 4 bits: MaxErr=  1.7881393e-07 ErrSum=  2.1606684e-06 AvgErr=  1.3504177e-07 ErrRMS=  1.2428185e-07 [low precision]
 5 bits: MaxErr=  6.8545341e-07 ErrSum=  1.3440847e-05 AvgErr=  4.2002648e-07 ErrRMS=  3.7827292e-07 [low precision]
 6 bits: MaxErr=  1.6689301e-06 ErrSum=  3.9719045e-05 AvgErr=  6.2061008e-07 ErrRMS=  6.0649554e-07 [low precision]
 7 bits: MaxErr=  2.0861626e-06 ErrSum=  0.00011789426 AvgErr=  9.2104892e-07 ErrRMS=  8.4846151e-07 [low precision]
 8 bits: MaxErr=  2.3245811e-06 ErrSum=  0.00025992095 AvgErr=  1.0153162e-06 ErrRMS=  9.5110084e-07 [low precision]
 9 bits: MaxErr=  5.8412552e-06 ErrSum=   0.0010548402 AvgErr=  2.0602347e-06 ErrRMS=  1.9134685e-06 [low precision]
10 bits: MaxErr=   9.059906e-06 ErrSum=   0.0030436628 AvgErr=  2.9723269e-06 ErrRMS=  2.7759041e-06 [low precision]
11 bits: MaxErr=  1.1205673e-05 ErrSum=   0.0083071934 AvgErr=  4.0562468e-06 ErrRMS=  3.7970797e-06 [low precision]
12 bits: MaxErr=  6.1869621e-05 ErrSum=    0.089552652 AvgErr=   2.186344e-05 ErrRMS=  2.0490872e-05 [low precision]
13 bits: MaxErr=  9.1612339e-05 ErrSum=     0.31215751 AvgErr=  3.8105164e-05 ErrRMS=  3.4332709e-05 [low precision]
14 bits: MaxErr=  9.0122223e-05 ErrSum=     0.49550764 AvgErr=  3.0243386e-05 ErrRMS=  2.8010843e-05 [low precision]
15 bits: MaxErr=  0.00048846006 ErrSum=      5.2374938 AvgErr=  0.00015983563 ErrRMS=  0.00015375596 [low precision]
16 bits: MaxErr=  0.00067079067 ErrSum=      14.823585 AvgErr=  0.00022618996 ErrRMS=  0.00021065097 [low precision]
17 bits: MaxErr=  0.00082194805 ErrSum=      34.294917 AvgErr=  0.00026164945 ErrRMS=  0.00023895237 [low precision]
18 bits: MaxErr=  0.00089091063 ErrSum=      73.176391 AvgErr=  0.00027914578 ErrRMS=  0.00025238723 [low precision]
19 bits: MaxErr=  0.00091737509 ErrSum=      149.33819 AvgErr=  0.00028483999 ErrRMS=  0.00025691768 [low precision]
20 bits: MaxErr=   0.0010246038 ErrSum=      307.18673 AvgErr=  0.00029295609 ErrRMS=  0.00026273598 [low precision]
 4 bits: MaxErr=  8.9406967e-08 ErrSum=  9.7509474e-07 AvgErr=  6.0943421e-08 ErrRMS=  5.9386421e-08 [high precision]
 5 bits: MaxErr=  1.1920929e-07 ErrSum=  2.2538006e-06 AvgErr=   7.043127e-08 ErrRMS=   7.005688e-08 [high precision]
 6 bits: MaxErr=  1.1920929e-07 ErrSum=  4.8475922e-06 AvgErr=  7.5743628e-08 ErrRMS=  7.0988282e-08 [high precision]
 7 bits: MaxErr=  1.4901161e-07 ErrSum=  9.1779439e-06 AvgErr=  7.1702686e-08 ErrRMS=  6.7411103e-08 [high precision]
 8 bits: MaxErr=  1.6391277e-07 ErrSum=  2.2706576e-05 AvgErr=  8.8697561e-08 ErrRMS=  8.0115503e-08 [high precision]
 9 bits: MaxErr=  1.7881393e-07 ErrSum=   4.603283e-05 AvgErr=  8.9907871e-08 ErrRMS=  8.3664221e-08 [high precision]
10 bits: MaxErr=  2.3841858e-07 ErrSum=  9.9671583e-05 AvgErr=   9.733553e-08 ErrRMS=  9.0228291e-08 [high precision]
11 bits: MaxErr=  3.2782555e-07 ErrSum=  0.00020750402 AvgErr=  1.0132032e-07 ErrRMS=  9.3841849e-08 [high precision]
12 bits: MaxErr=  2.9802322e-07 ErrSum=  0.00044591288 AvgErr=  1.0886545e-07 ErrRMS=  1.0084377e-07 [high precision]
13 bits: MaxErr=  2.9802322e-07 ErrSum=  0.00092542822 AvgErr=  1.1296731e-07 ErrRMS=   1.033383e-07 [high precision]
14 bits: MaxErr=  3.2037497e-07 ErrSum=   0.0019372104 AvgErr=  1.1823794e-07 ErrRMS=  1.0820395e-07 [high precision]
15 bits: MaxErr=  3.5762787e-07 ErrSum=   0.0040328868 AvgErr=  1.2307394e-07 ErrRMS=  1.1231245e-07 [high precision]
16 bits: MaxErr=  3.5762787e-07 ErrSum=   0.0083299545 AvgErr=  1.2710502e-07 ErrRMS=  1.1584618e-07 [high precision]
17 bits: MaxErr=  3.5762787e-07 ErrSum=    0.017162014 AvgErr=  1.3093577e-07 ErrRMS=  1.1923046e-07 [high precision]
18 bits: MaxErr=    4.61936e-07 ErrSum=    0.035870808 AvgErr=  1.3683627e-07 ErrRMS=  1.2438447e-07 [high precision]
19 bits: MaxErr=  4.7683716e-07 ErrSum=    0.073994989 AvgErr=  1.4113424e-07 ErrRMS=  1.2799013e-07 [high precision]
20 bits: MaxErr=  4.7683716e-07 ErrSum=     0.15229622 AvgErr=  1.4524099e-07 ErrRMS=  1.3155466e-07 [high precision]
[usbmuxd] Start listen thread
[usbmuxd] Listen thread started
[usbmuxd] Send listen message
[usbmuxd] Attached: 6 00008103-001C39E40C7B001E
Native extension for iOS target not found
Native extension for OSXStandalone target not found
Mono: successfully reloaded assembly
- Finished resetting the current domain, in  1.084 seconds
Domain Reload Profiling:
	ReloadAssembly (733ms)
		BeginReloadAssembly (285ms)
			ExecutionOrderSort (0ms)
			DisableScriptedObjects (0ms)
			BackupInstance (0ms)
			ReleaseScriptingObjects (0ms)
			CreateAndSetChildDomain (2ms)
		LoadAllAssembliesAndSetupDomain (0ms)
			LoadAssemblies (287ms)
			RebuildTransferFunctionScriptingTraits (0ms)
			SetupTypeCache (537ms)
				TypeCache.Initialize (534ms)
					TypeCache.ScanAssembly (530ms)
				ResolveRequiredComponents (2ms)
		FinalizeReload (0ms)
			ReleaseScriptCaches (0ms)
			RebuildScriptCaches (0ms)
			SetupLoadedEditorAssemblies (894ms)
				LogAssemblyErrors (1ms)
				InitializePlatformSupportModulesInManaged (252ms)
				SetLoadedEditorAssemblies (13ms)
				RefreshPlugins (0ms)
				BeforeProcessingInitializeOnLoad (2ms)
				ProcessInitializeOnLoadAttributes (377ms)
				ProcessInitializeOnLoadMethodAttributes (247ms)
				AfterProcessingInitializeOnLoad (0ms)
				EditorAssembliesLoaded (0ms)
			ExecutionOrderSort2 (0ms)
			AwakeInstancesAfterBackupRestoration (0ms)
========================================================================
Worker process is ready to serve import requests
Begin MonoManager ReloadAssembly
Symbol file LoadedFromMemory doesn't match image /Users/balazsivanyi/AAU/MSc/4th_semester/thesis_codebase/Library/PackageCache/com.unity.visualscripting@1.8.0/Editor/VisualScripting.Core/Dependencies/YamlDotNet/Unity.VisualScripting.YamlDotNet.dll
Symbol file LoadedFromMemory doesn't match image /Users/balazsivanyi/AAU/MSc/4th_semester/thesis_codebase/Library/PackageCache/com.unity.visualscripting@1.8.0/Editor/VisualScripting.Core/Dependencies/DotNetZip/Unity.VisualScripting.IonicZip.dll
- Loaded All Assemblies, in  1.641 seconds
Refreshing native plugins compatible for Editor in 60.03 ms, found 3 plugins.
Native extension for iOS target not found
Native extension for OSXStandalone target not found
Mono: successfully reloaded assembly
- Finished resetting the current domain, in  1.001 seconds
Domain Reload Profiling:
	ReloadAssembly (384ms)
		BeginReloadAssembly (234ms)
			ExecutionOrderSort (0ms)
			DisableScriptedObjects (10ms)
			BackupInstance (0ms)
			ReleaseScriptingObjects (0ms)
			CreateAndSetChildDomain (54ms)
		LoadAllAssembliesAndSetupDomain (1257ms)
			LoadAssemblies (746ms)
			RebuildTransferFunctionScriptingTraits (0ms)
			SetupTypeCache (608ms)
				TypeCache.Initialize (575ms)
					TypeCache.ScanAssembly (569ms)
				ResolveRequiredComponents (9ms)
		FinalizeReload (0ms)
			ReleaseScriptCaches (0ms)
			RebuildScriptCaches (0ms)
			SetupLoadedEditorAssemblies (697ms)
				LogAssemblyErrors (0ms)
				InitializePlatformSupportModulesInManaged (43ms)
				SetLoadedEditorAssemblies (9ms)
				RefreshPlugins (0ms)
				BeforeProcessingInitializeOnLoad (107ms)
				ProcessInitializeOnLoadAttributes (490ms)
				ProcessInitializeOnLoadMethodAttributes (44ms)
				AfterProcessingInitializeOnLoad (5ms)
				EditorAssembliesLoaded (0ms)
			ExecutionOrderSort2 (0ms)
			AwakeInstancesAfterBackupRestoration (9ms)
Launching external process: /Applications/Unity/Hub/Editor/2022.2.9f1/Unity.app/Contents/Tools/UnityShaderCompiler
Launched and connected shader compiler UnityShaderCompiler after 0.14 seconds
Refreshing native plugins compatible for Editor in 17.41 ms, found 3 plugins.
Preloading 1 native plugins for Editor in 1.12 ms.
Unloading 3285 Unused Serialized files (Serialized files now loaded: 0)
Unloading 165 unused Assets / (123.2 KB). Loaded Objects now: 3617.
Memory consumption went from 0.50 GB to 0.50 GB.
Total: 4.701302 ms (FindLiveObjects: 0.402820 ms CreateObjectMapping: 0.470130 ms MarkObjects: 3.573107 ms  DeleteObjects: 0.254380 ms)

AssetImportParameters requested are different than current active one (requested -> active):
  custom:container-demuxer-ogg: 62fdf1f143b41e24485cea50d1cbac27 -> 
  custom:video-decoder-ogg-theora: a1e56fd34408186e4bbccfd4996cb3dc -> 
  custom:container-demuxer-webm: 4f35f7cbe854078d1ac9338744f61a02 -> 
  custom:container-muxer-webm: aa71ff27fc2769a1b78a27578f13a17b -> 
  custom:video-decoder-webm-vp8: 9c59270c3fd7afecdb556c50c9e8de78 -> 
  custom:AudioImporter_EditorPlatform: 3918e3fc78b5a79bad01e8451be0beb8 -> 
  custom:framework-osx-AVFoundation: e770b220cccbd017edd2c1fefb359320 -> 
  custom:video-encoder-webm-vp8: eb34c28f22e8b96e1ab97ce403110664 -> 
  custom:audio-decoder-ogg-vorbis: bf7c407c2cedff20999df2af8eb42d56 -> 
  custom:audio-encoder-webm-vorbis: bf7c407c2cedff20999df2af8eb42d56 -> 
========================================================================
Received Import Request.
  Time since last request: 523617.675541 seconds.
  path: Assets/Scripts/LooperManager.cs
  artifactKey: Guid(7cbe36f40202641938e6c95b56e7f195) Importer(815301076,1909f56bfc062723c751e8b465ee728b)
Start importing Assets/Scripts/LooperManager.cs using Guid(7cbe36f40202641938e6c95b56e7f195) Importer(815301076,1909f56bfc062723c751e8b465ee728b)  -> (artifact id: '380f3cceaf01cd092620b8894c27a139') in 0.002492 seconds 
Number of updated asset objects reloaded before import = 0
Number of asset objects unloaded after import = 0
========================================================================
Received Prepare
Begin MonoManager ReloadAssembly
Symbol file LoadedFromMemory doesn't match image /Users/balazsivanyi/AAU/MSc/4th_semester/thesis_codebase/Library/PackageCache/com.unity.visualscripting@1.8.0/Editor/VisualScripting.Core/Dependencies/YamlDotNet/Unity.VisualScripting.YamlDotNet.dll
Symbol file LoadedFromMemory doesn't match image /Users/balazsivanyi/AAU/MSc/4th_semester/thesis_codebase/Library/PackageCache/com.unity.visualscripting@1.8.0/Editor/VisualScripting.Core/Dependencies/DotNetZip/Unity.VisualScripting.IonicZip.dll
- Loaded All Assemblies, in  1.310 seconds
Refreshing native plugins compatible for Editor in 14.21 ms, found 3 plugins.
Native extension for iOS target not found
Native extension for OSXStandalone target not found
Mono: successfully reloaded assembly
- Finished resetting the current domain, in  1.475 seconds
Domain Reload Profiling:
	ReloadAssembly (379ms)
		BeginReloadAssembly (263ms)
			ExecutionOrderSort (0ms)
			DisableScriptedObjects (10ms)
			BackupInstance (0ms)
			ReleaseScriptingObjects (0ms)
			CreateAndSetChildDomain (91ms)
		LoadAllAssembliesAndSetupDomain (930ms)
			LoadAssemblies (544ms)
			RebuildTransferFunctionScriptingTraits (0ms)
			SetupTypeCache (507ms)
				TypeCache.Initialize (495ms)
					TypeCache.ScanAssembly (487ms)
				ResolveRequiredComponents (8ms)
		FinalizeReload (0ms)
			ReleaseScriptCaches (0ms)
			RebuildScriptCaches (0ms)
			SetupLoadedEditorAssemblies (527ms)
				LogAssemblyErrors (0ms)
				InitializePlatformSupportModulesInManaged (36ms)
				SetLoadedEditorAssemblies (6ms)
				RefreshPlugins (0ms)
				BeforeProcessingInitializeOnLoad (83ms)
				ProcessInitializeOnLoadAttributes (369ms)
				ProcessInitializeOnLoadMethodAttributes (31ms)
				AfterProcessingInitializeOnLoad (2ms)
				EditorAssembliesLoaded (0ms)
			ExecutionOrderSort2 (0ms)
			AwakeInstancesAfterBackupRestoration (7ms)
Refreshing native plugins compatible for Editor in 15.93 ms, found 3 plugins.
Preloading 1 native plugins for Editor in 1.30 ms.
Unloading 3264 Unused Serialized files (Serialized files now loaded: 0)
Unloading 156 unused Assets / (103.0 KB). Loaded Objects now: 3620.
Memory consumption went from 0.50 GB to 0.50 GB.
Total: 4.889787 ms (FindLiveObjects: 0.413492 ms CreateObjectMapping: 0.491859 ms MarkObjects: 3.814301 ms  DeleteObjects: 0.169018 ms)

Prepare: number of updated asset objects reloaded= 0
AssetImportParameters requested are different than current active one (requested -> active):
  custom:container-demuxer-ogg: 62fdf1f143b41e24485cea50d1cbac27 -> 
  custom:video-decoder-ogg-theora: a1e56fd34408186e4bbccfd4996cb3dc -> 
  custom:container-demuxer-webm: 4f35f7cbe854078d1ac9338744f61a02 -> 
  custom:container-muxer-webm: aa71ff27fc2769a1b78a27578f13a17b -> 
  custom:video-decoder-webm-vp8: 9c59270c3fd7afecdb556c50c9e8de78 -> 
  custom:AudioImporter_EditorPlatform: 3918e3fc78b5a79bad01e8451be0beb8 -> 
  custom:framework-osx-AVFoundation: e770b220cccbd017edd2c1fefb359320 -> 
  custom:video-encoder-webm-vp8: eb34c28f22e8b96e1ab97ce403110664 -> 
  custom:audio-decoder-ogg-vorbis: bf7c407c2cedff20999df2af8eb42d56 -> 
  custom:audio-encoder-webm-vorbis: bf7c407c2cedff20999df2af8eb42d56 -> 
========================================================================
Received Import Request.
  Time since last request: 3240.566844 seconds.
  path: Assets/Scripts/LooperManager.cs
  artifactKey: Guid(7cbe36f40202641938e6c95b56e7f195) Importer(815301076,1909f56bfc062723c751e8b465ee728b)
Start importing Assets/Scripts/LooperManager.cs using Guid(7cbe36f40202641938e6c95b56e7f195) Importer(815301076,1909f56bfc062723c751e8b465ee728b)  -> (artifact id: 'f40cc1e4cf96002be2629c6f44707ff6') in 0.002425 seconds 
Number of updated asset objects reloaded before import = 0
Number of asset objects unloaded after import = 0
========================================================================
Received Prepare
Begin MonoManager ReloadAssembly
Symbol file LoadedFromMemory doesn't match image /Users/balazsivanyi/AAU/MSc/4th_semester/thesis_codebase/Library/PackageCache/com.unity.visualscripting@1.8.0/Editor/VisualScripting.Core/Dependencies/YamlDotNet/Unity.VisualScripting.YamlDotNet.dll
Symbol file LoadedFromMemory doesn't match image /Users/balazsivanyi/AAU/MSc/4th_semester/thesis_codebase/Library/PackageCache/com.unity.visualscripting@1.8.0/Editor/VisualScripting.Core/Dependencies/DotNetZip/Unity.VisualScripting.IonicZip.dll
- Loaded All Assemblies, in  0.989 seconds
Refreshing native plugins compatible for Editor in 14.51 ms, found 3 plugins.
Native extension for iOS target not found
Native extension for OSXStandalone target not found
Mono: successfully reloaded assembly
- Finished resetting the current domain, in  0.902 seconds
Domain Reload Profiling:
	ReloadAssembly (294ms)
		BeginReloadAssembly (196ms)
			ExecutionOrderSort (0ms)
			DisableScriptedObjects (7ms)
			BackupInstance (0ms)
			ReleaseScriptingObjects (0ms)
			CreateAndSetChildDomain (72ms)
		LoadAllAssembliesAndSetupDomain (695ms)
			LoadAssemblies (326ms)
			RebuildTransferFunctionScriptingTraits (0ms)
			SetupTypeCache (448ms)
				TypeCache.Initialize (440ms)
					TypeCache.ScanAssembly (433ms)
				ResolveRequiredComponents (8ms)
		FinalizeReload (0ms)
			ReleaseScriptCaches (0ms)
			RebuildScriptCaches (0ms)
			SetupLoadedEditorAssemblies (487ms)
				LogAssemblyErrors (0ms)
				InitializePlatformSupportModulesInManaged (36ms)
				SetLoadedEditorAssemblies (7ms)
				RefreshPlugins (0ms)
				BeforeProcessingInitializeOnLoad (73ms)
				ProcessInitializeOnLoadAttributes (341ms)
				ProcessInitializeOnLoadMethodAttributes (27ms)
				AfterProcessingInitializeOnLoad (2ms)
				EditorAssembliesLoaded (0ms)
			ExecutionOrderSort2 (0ms)
			AwakeInstancesAfterBackupRestoration (6ms)
Refreshing native plugins compatible for Editor in 14.21 ms, found 3 plugins.
Preloading 1 native plugins for Editor in 1.01 ms.
Unloading 3264 Unused Serialized files (Serialized files now loaded: 0)
Unloading 156 unused Assets / (102.7 KB). Loaded Objects now: 3623.
Memory consumption went from 0.50 GB to 0.50 GB.
Total: 4.703848 ms (FindLiveObjects: 0.375944 ms CreateObjectMapping: 0.525484 ms MarkObjects: 3.636461 ms  DeleteObjects: 0.164470 ms)

Prepare: number of updated asset objects reloaded= 0
AssetImportParameters requested are different than current active one (requested -> active):
  custom:container-demuxer-ogg: 62fdf1f143b41e24485cea50d1cbac27 -> 
  custom:video-decoder-ogg-theora: a1e56fd34408186e4bbccfd4996cb3dc -> 
  custom:container-demuxer-webm: 4f35f7cbe854078d1ac9338744f61a02 -> 
  custom:container-muxer-webm: aa71ff27fc2769a1b78a27578f13a17b -> 
  custom:video-decoder-webm-vp8: 9c59270c3fd7afecdb556c50c9e8de78 -> 
  custom:AudioImporter_EditorPlatform: 3918e3fc78b5a79bad01e8451be0beb8 -> 
  custom:framework-osx-AVFoundation: e770b220cccbd017edd2c1fefb359320 -> 
  custom:video-encoder-webm-vp8: eb34c28f22e8b96e1ab97ce403110664 -> 
  custom:audio-decoder-ogg-vorbis: bf7c407c2cedff20999df2af8eb42d56 -> 
  custom:audio-encoder-webm-vorbis: bf7c407c2cedff20999df2af8eb42d56 -> 
========================================================================
Received Prepare
Begin MonoManager ReloadAssembly
Symbol file LoadedFromMemory doesn't match image /Users/balazsivanyi/AAU/MSc/4th_semester/thesis_codebase/Library/PackageCache/com.unity.visualscripting@1.8.0/Editor/VisualScripting.Core/Dependencies/YamlDotNet/Unity.VisualScripting.YamlDotNet.dll
Symbol file LoadedFromMemory doesn't match image /Users/balazsivanyi/AAU/MSc/4th_semester/thesis_codebase/Library/PackageCache/com.unity.visualscripting@1.8.0/Editor/VisualScripting.Core/Dependencies/DotNetZip/Unity.VisualScripting.IonicZip.dll
- Loaded All Assemblies, in  1.209 seconds
Refreshing native plugins compatible for Editor in 14.00 ms, found 3 plugins.
Native extension for iOS target not found
Native extension for OSXStandalone target not found
Mono: successfully reloaded assembly
- Finished resetting the current domain, in  1.627 seconds
Domain Reload Profiling:
	ReloadAssembly (362ms)
		BeginReloadAssembly (226ms)
			ExecutionOrderSort (0ms)
			DisableScriptedObjects (9ms)
			BackupInstance (0ms)
			ReleaseScriptingObjects (0ms)
			CreateAndSetChildDomain (80ms)
		LoadAllAssembliesAndSetupDomain (846ms)
			LoadAssemblies (460ms)
			RebuildTransferFunctionScriptingTraits (0ms)
			SetupTypeCache (481ms)
				TypeCache.Initialize (471ms)
					TypeCache.ScanAssembly (463ms)
				ResolveRequiredComponents (7ms)
		FinalizeReload (0ms)
			ReleaseScriptCaches (0ms)
			RebuildScriptCaches (0ms)
			SetupLoadedEditorAssemblies (489ms)
				LogAssemblyErrors (0ms)
				InitializePlatformSupportModulesInManaged (30ms)
				SetLoadedEditorAssemblies (6ms)
				RefreshPlugins (0ms)
				BeforeProcessingInitializeOnLoad (79ms)
				ProcessInitializeOnLoadAttributes (346ms)
				ProcessInitializeOnLoadMethodAttributes (26ms)
				AfterProcessingInitializeOnLoad (2ms)
				EditorAssembliesLoaded (0ms)
			ExecutionOrderSort2 (0ms)
			AwakeInstancesAfterBackupRestoration (6ms)
Refreshing native plugins compatible for Editor in 12.49 ms, found 3 plugins.
Preloading 1 native plugins for Editor in 1.19 ms.
Unloading 3265 Unused Serialized files (Serialized files now loaded: 0)
Unloading 156 unused Assets / (102.8 KB). Loaded Objects now: 3626.
Memory consumption went from 0.51 GB to 0.51 GB.
Total: 4.029760 ms (FindLiveObjects: 0.344858 ms CreateObjectMapping: 0.409230 ms MarkObjects: 3.101491 ms  DeleteObjects: 0.173241 ms)

Prepare: number of updated asset objects reloaded= 0
AssetImportParameters requested are different than current active one (requested -> active):
  custom:container-demuxer-ogg: 62fdf1f143b41e24485cea50d1cbac27 -> 
  custom:video-decoder-ogg-theora: a1e56fd34408186e4bbccfd4996cb3dc -> 
  custom:container-demuxer-webm: 4f35f7cbe854078d1ac9338744f61a02 -> 
  custom:container-muxer-webm: aa71ff27fc2769a1b78a27578f13a17b -> 
  custom:video-decoder-webm-vp8: 9c59270c3fd7afecdb556c50c9e8de78 -> 
  custom:AudioImporter_EditorPlatform: 3918e3fc78b5a79bad01e8451be0beb8 -> 
  custom:framework-osx-AVFoundation: e770b220cccbd017edd2c1fefb359320 -> 
  custom:video-encoder-webm-vp8: eb34c28f22e8b96e1ab97ce403110664 -> 
  custom:audio-decoder-ogg-vorbis: bf7c407c2cedff20999df2af8eb42d56 -> 
  custom:audio-encoder-webm-vorbis: bf7c407c2cedff20999df2af8eb42d56 -> 
========================================================================
Received Prepare
Begin MonoManager ReloadAssembly
Symbol file LoadedFromMemory doesn't match image /Users/balazsivanyi/AAU/MSc/4th_semester/thesis_codebase/Library/PackageCache/com.unity.visualscripting@1.8.0/Editor/VisualScripting.Core/Dependencies/YamlDotNet/Unity.VisualScripting.YamlDotNet.dll
Symbol file LoadedFromMemory doesn't match image /Users/balazsivanyi/AAU/MSc/4th_semester/thesis_codebase/Library/PackageCache/com.unity.visualscripting@1.8.0/Editor/VisualScripting.Core/Dependencies/DotNetZip/Unity.VisualScripting.IonicZip.dll
- Loaded All Assemblies, in  0.963 seconds
Refreshing native plugins compatible for Editor in 15.07 ms, found 3 plugins.
Native extension for iOS target not found
Native extension for OSXStandalone target not found
Mono: successfully reloaded assembly
- Finished resetting the current domain, in  0.884 seconds
Domain Reload Profiling:
	ReloadAssembly (281ms)
		BeginReloadAssembly (189ms)
			ExecutionOrderSort (0ms)
			DisableScriptedObjects (7ms)
			BackupInstance (0ms)
			ReleaseScriptingObjects (0ms)
			CreateAndSetChildDomain (69ms)
		LoadAllAssembliesAndSetupDomain (682ms)
			LoadAssemblies (309ms)
			RebuildTransferFunctionScriptingTraits (0ms)
			SetupTypeCache (449ms)
				TypeCache.Initialize (440ms)
					TypeCache.ScanAssembly (433ms)
				ResolveRequiredComponents (9ms)
		FinalizeReload (0ms)
			ReleaseScriptCaches (0ms)
			RebuildScriptCaches (0ms)
			SetupLoadedEditorAssemblies (498ms)
				LogAssemblyErrors (0ms)
				InitializePlatformSupportModulesInManaged (29ms)
				SetLoadedEditorAssemblies (6ms)
				RefreshPlugins (0ms)
				BeforeProcessingInitializeOnLoad (72ms)
				ProcessInitializeOnLoadAttributes (357ms)
				ProcessInitializeOnLoadMethodAttributes (31ms)
				AfterProcessingInitializeOnLoad (2ms)
				EditorAssembliesLoaded (0ms)
			ExecutionOrderSort2 (0ms)
			AwakeInstancesAfterBackupRestoration (6ms)
Refreshing native plugins compatible for Editor in 15.49 ms, found 3 plugins.
Preloading 1 native plugins for Editor in 1.21 ms.
Unloading 3265 Unused Serialized files (Serialized files now loaded: 0)
Unloading 156 unused Assets / (102.7 KB). Loaded Objects now: 3629.
Memory consumption went from 0.51 GB to 0.51 GB.
Total: 5.031708 ms (FindLiveObjects: 0.406712 ms CreateObjectMapping: 0.636999 ms MarkObjects: 3.763216 ms  DeleteObjects: 0.223621 ms)

Prepare: number of updated asset objects reloaded= 0
AssetImportParameters requested are different than current active one (requested -> active):
  custom:container-demuxer-ogg: 62fdf1f143b41e24485cea50d1cbac27 -> 
  custom:video-decoder-ogg-theora: a1e56fd34408186e4bbccfd4996cb3dc -> 
  custom:container-demuxer-webm: 4f35f7cbe854078d1ac9338744f61a02 -> 
  custom:container-muxer-webm: aa71ff27fc2769a1b78a27578f13a17b -> 
  custom:video-decoder-webm-vp8: 9c59270c3fd7afecdb556c50c9e8de78 -> 
  custom:AudioImporter_EditorPlatform: 3918e3fc78b5a79bad01e8451be0beb8 -> 
  custom:framework-osx-AVFoundation: e770b220cccbd017edd2c1fefb359320 -> 
  custom:video-encoder-webm-vp8: eb34c28f22e8b96e1ab97ce403110664 -> 
  custom:audio-decoder-ogg-vorbis: bf7c407c2cedff20999df2af8eb42d56 -> 
  custom:audio-encoder-webm-vorbis: bf7c407c2cedff20999df2af8eb42d56 -> 
========================================================================
Received Prepare
Refreshing native plugins compatible for Editor in 23.20 ms, found 3 plugins.
Preloading 1 native plugins for Editor in 1.40 ms.
Unloading 1 Unused Serialized files (Serialized files now loaded: 0)
Unloading 1 unused Assets / (3.0 KB). Loaded Objects now: 3629.
Memory consumption went from 81.4 MB to 81.4 MB.
Total: 13.253701 ms (FindLiveObjects: 0.372431 ms CreateObjectMapping: 0.388393 ms MarkObjects: 12.460342 ms  DeleteObjects: 0.031213 ms)

Prepare: number of updated asset objects reloaded= 0
AssetImportParameters requested are different than current active one (requested -> active):
  custom:container-demuxer-ogg: 62fdf1f143b41e24485cea50d1cbac27 -> 
  custom:video-decoder-ogg-theora: a1e56fd34408186e4bbccfd4996cb3dc -> 
  custom:container-demuxer-webm: 4f35f7cbe854078d1ac9338744f61a02 -> 
  custom:container-muxer-webm: aa71ff27fc2769a1b78a27578f13a17b -> 
  custom:video-decoder-webm-vp8: 9c59270c3fd7afecdb556c50c9e8de78 -> 
  custom:AudioImporter_EditorPlatform: 3918e3fc78b5a79bad01e8451be0beb8 -> 
  custom:framework-osx-AVFoundation: e770b220cccbd017edd2c1fefb359320 -> 
  custom:video-encoder-webm-vp8: eb34c28f22e8b96e1ab97ce403110664 -> 
  custom:audio-decoder-ogg-vorbis: bf7c407c2cedff20999df2af8eb42d56 -> 
  custom:audio-encoder-webm-vorbis: bf7c407c2cedff20999df2af8eb42d56 -> 
